2021-08-21 19:52:06.958  INFO 18892 --- [restartedMain] com.imooc.passbook.PassbookApplication   : Starting PassbookApplication on Edpsw with PID 18892 (D:\mycode\java\coupon_backService\passbook\target\classes started by 15891 in D:\mycode\java\coupon_backService\passbook)
2021-08-21 19:52:06.959  INFO 18892 --- [restartedMain] com.imooc.passbook.PassbookApplication   : No active profile set, falling back to default profiles: default
2021-08-21 19:52:07.142  INFO 18892 --- [restartedMain] ationConfigEmbeddedWebApplicationContext : Refreshing org.springframework.boot.context.embedded.AnnotationConfigEmbeddedWebApplicationContext@49441b90: startup date [Sat Aug 21 19:52:07 CST 2021]; root of context hierarchy
2021-08-21 19:52:08.010  INFO 18892 --- [restartedMain] .s.d.r.c.RepositoryConfigurationDelegate : Multiple Spring Data modules found, entering strict repository configuration mode!
2021-08-21 19:52:08.080  INFO 18892 --- [restartedMain] .s.d.r.c.RepositoryConfigurationDelegate : Multiple Spring Data modules found, entering strict repository configuration mode!
2021-08-21 19:52:08.124  INFO 18892 --- [restartedMain] .RepositoryConfigurationExtensionSupport : Spring Data Redis - Could not safely identify store assignment for repository candidate interface com.imooc.passbook.dao.MerchantsDao.
2021-08-21 19:52:08.525  INFO 18892 --- [restartedMain] trationDelegate$BeanPostProcessorChecker : Bean 'org.springframework.kafka.annotation.KafkaBootstrapConfiguration' of type [org.springframework.kafka.annotation.KafkaBootstrapConfiguration$$EnhancerBySpringCGLIB$$e1fa959c] is not eligible for getting processed by all BeanPostProcessors (for example: not eligible for auto-proxying)
2021-08-21 19:52:08.873  INFO 18892 --- [restartedMain] s.b.c.e.t.TomcatEmbeddedServletContainer : Tomcat initialized with port(s): 9528 (http)
2021-08-21 19:52:08.882  INFO 18892 --- [restartedMain] o.apache.catalina.core.StandardService   : Starting service Tomcat
2021-08-21 19:52:08.882  INFO 18892 --- [restartedMain] org.apache.catalina.core.StandardEngine  : Starting Servlet Engine: Apache Tomcat/8.5.14
2021-08-21 19:52:09.002  INFO 18892 --- [localhost-startStop-1] o.a.c.c.C.[Tomcat].[localhost].[/]       : Initializing Spring embedded WebApplicationContext
2021-08-21 19:52:09.002  INFO 18892 --- [localhost-startStop-1] o.s.web.context.ContextLoader            : Root WebApplicationContext: initialization completed in 1860 ms
2021-08-21 19:52:09.152  INFO 18892 --- [localhost-startStop-1] o.s.b.w.servlet.ServletRegistrationBean  : Mapping servlet: 'dispatcherServlet' to [/]
2021-08-21 19:52:09.157  INFO 18892 --- [localhost-startStop-1] o.s.b.w.servlet.FilterRegistrationBean   : Mapping filter: 'characterEncodingFilter' to: [/*]
2021-08-21 19:52:09.157  INFO 18892 --- [localhost-startStop-1] o.s.b.w.servlet.FilterRegistrationBean   : Mapping filter: 'hiddenHttpMethodFilter' to: [/*]
2021-08-21 19:52:09.157  INFO 18892 --- [localhost-startStop-1] o.s.b.w.servlet.FilterRegistrationBean   : Mapping filter: 'httpPutFormContentFilter' to: [/*]
2021-08-21 19:52:09.157  INFO 18892 --- [localhost-startStop-1] o.s.b.w.servlet.FilterRegistrationBean   : Mapping filter: 'requestContextFilter' to: [/*]
2021-08-21 19:52:09.617  INFO 18892 --- [restartedMain] j.LocalContainerEntityManagerFactoryBean : Building JPA container EntityManagerFactory for persistence unit 'default'
2021-08-21 19:52:09.628  INFO 18892 --- [restartedMain] o.hibernate.jpa.internal.util.LogHelper  : HHH000204: Processing PersistenceUnitInfo [
	name: default
	...]
2021-08-21 19:52:09.677  INFO 18892 --- [restartedMain] org.hibernate.Version                    : HHH000412: Hibernate Core {5.0.12.Final}
2021-08-21 19:52:09.679  INFO 18892 --- [restartedMain] org.hibernate.cfg.Environment            : HHH000206: hibernate.properties not found
2021-08-21 19:52:09.680  INFO 18892 --- [restartedMain] org.hibernate.cfg.Environment            : HHH000021: Bytecode provider name : javassist
2021-08-21 19:52:09.851  INFO 18892 --- [restartedMain] o.hibernate.annotations.common.Version   : HCANN000001: Hibernate Commons Annotations {5.0.1.Final}
2021-08-21 19:52:09.955  INFO 18892 --- [restartedMain] org.hibernate.dialect.Dialect            : HHH000400: Using dialect: org.hibernate.dialect.MySQL5Dialect
2021-08-21 19:52:10.238  INFO 18892 --- [restartedMain] j.LocalContainerEntityManagerFactoryBean : Initialized JPA EntityManagerFactory for persistence unit 'default'
2021-08-21 19:52:11.006  INFO 18892 --- [restartedMain] s.w.s.m.m.a.RequestMappingHandlerAdapter : Looking for @ControllerAdvice: org.springframework.boot.context.embedded.AnnotationConfigEmbeddedWebApplicationContext@49441b90: startup date [Sat Aug 21 19:52:07 CST 2021]; root of context hierarchy
2021-08-21 19:52:11.068  INFO 18892 --- [restartedMain] s.w.s.m.m.a.RequestMappingHandlerMapping : Mapped "{[/passbook/createuser],methods=[POST]}" onto com.imooc.passbook.vo.Response com.imooc.passbook.controller.CreateUserController.createUser(com.imooc.passbook.vo.User) throws java.lang.Exception
2021-08-21 19:52:11.072  INFO 18892 --- [restartedMain] s.w.s.m.m.a.RequestMappingHandlerMapping : Mapped "{[/passbook/exception],methods=[GET]}" onto com.imooc.passbook.vo.Response com.imooc.passbook.controller.PassbookController.exception() throws java.lang.Exception
2021-08-21 19:52:11.072  INFO 18892 --- [restartedMain] s.w.s.m.m.a.RequestMappingHandlerMapping : Mapped "{[/passbook/getfeedback],methods=[GET]}" onto com.imooc.passbook.vo.Response com.imooc.passbook.controller.PassbookController.getFeedback(java.lang.Long)
2021-08-21 19:52:11.072  INFO 18892 --- [restartedMain] s.w.s.m.m.a.RequestMappingHandlerMapping : Mapped "{[/passbook/userusepass],methods=[POST]}" onto com.imooc.passbook.vo.Response com.imooc.passbook.controller.PassbookController.userUsePass(com.imooc.passbook.vo.Pass)
2021-08-21 19:52:11.073  INFO 18892 --- [restartedMain] s.w.s.m.m.a.RequestMappingHandlerMapping : Mapped "{[/passbook/createfeedback],methods=[POST]}" onto com.imooc.passbook.vo.Response com.imooc.passbook.controller.PassbookController.createFeedback(com.imooc.passbook.vo.Feedback)
2021-08-21 19:52:11.073  INFO 18892 --- [restartedMain] s.w.s.m.m.a.RequestMappingHandlerMapping : Mapped "{[/passbook/gainpasstemplate],methods=[POST]}" onto com.imooc.passbook.vo.Response com.imooc.passbook.controller.PassbookController.gainPassTemplate(com.imooc.passbook.vo.GainPassTemplateRequest) throws java.lang.Exception
2021-08-21 19:52:11.073  INFO 18892 --- [restartedMain] s.w.s.m.m.a.RequestMappingHandlerMapping : Mapped "{[/passbook/userpassinfo],methods=[GET]}" onto com.imooc.passbook.vo.Response com.imooc.passbook.controller.PassbookController.userPassInfo(java.lang.Long) throws java.lang.Exception
2021-08-21 19:52:11.073  INFO 18892 --- [restartedMain] s.w.s.m.m.a.RequestMappingHandlerMapping : Mapped "{[/passbook/inventoryinfo],methods=[GET]}" onto com.imooc.passbook.vo.Response com.imooc.passbook.controller.PassbookController.inventoryInfo(java.lang.Long) throws java.lang.Exception
2021-08-21 19:52:11.074  INFO 18892 --- [restartedMain] s.w.s.m.m.a.RequestMappingHandlerMapping : Mapped "{[/passbook/userusedpassinfo],methods=[GET]}" onto com.imooc.passbook.vo.Response com.imooc.passbook.controller.PassbookController.userUsedPassInfo(java.lang.Long) throws java.lang.Exception
2021-08-21 19:52:11.074  INFO 18892 --- [restartedMain] s.w.s.m.m.a.RequestMappingHandlerMapping : Mapped "{[/token],methods=[POST]}" onto public java.lang.String com.imooc.passbook.controller.TokenUploadController.tokenFileUpload(java.lang.String,java.lang.String,org.springframework.web.multipart.MultipartFile,org.springframework.web.servlet.mvc.support.RedirectAttributes)
2021-08-21 19:52:11.075  INFO 18892 --- [restartedMain] s.w.s.m.m.a.RequestMappingHandlerMapping : Mapped "{[/upload],methods=[GET]}" onto public java.lang.String com.imooc.passbook.controller.TokenUploadController.upload()
2021-08-21 19:52:11.075  INFO 18892 --- [restartedMain] s.w.s.m.m.a.RequestMappingHandlerMapping : Mapped "{[/uploadStatus],methods=[GET]}" onto public java.lang.String com.imooc.passbook.controller.TokenUploadController.uploadStatus()
2021-08-21 19:52:11.076  INFO 18892 --- [restartedMain] s.w.s.m.m.a.RequestMappingHandlerMapping : Mapped "{[/error]}" onto public org.springframework.http.ResponseEntity<java.util.Map<java.lang.String, java.lang.Object>> org.springframework.boot.autoconfigure.web.BasicErrorController.error(javax.servlet.http.HttpServletRequest)
2021-08-21 19:52:11.077  INFO 18892 --- [restartedMain] s.w.s.m.m.a.RequestMappingHandlerMapping : Mapped "{[/error],produces=[text/html]}" onto public org.springframework.web.servlet.ModelAndView org.springframework.boot.autoconfigure.web.BasicErrorController.errorHtml(javax.servlet.http.HttpServletRequest,javax.servlet.http.HttpServletResponse)
2021-08-21 19:52:11.110  INFO 18892 --- [restartedMain] o.s.w.s.handler.SimpleUrlHandlerMapping  : Mapped URL path [/webjars/**] onto handler of type [class org.springframework.web.servlet.resource.ResourceHttpRequestHandler]
2021-08-21 19:52:11.110  INFO 18892 --- [restartedMain] o.s.w.s.handler.SimpleUrlHandlerMapping  : Mapped URL path [/**] onto handler of type [class org.springframework.web.servlet.resource.ResourceHttpRequestHandler]
2021-08-21 19:52:11.130  INFO 18892 --- [restartedMain] .m.m.a.ExceptionHandlerExceptionResolver : Detected @ExceptionHandler methods in globalExceptionHandler
2021-08-21 19:52:11.156  INFO 18892 --- [restartedMain] o.s.w.s.handler.SimpleUrlHandlerMapping  : Mapped URL path [/**/favicon.ico] onto handler of type [class org.springframework.web.servlet.resource.ResourceHttpRequestHandler]
2021-08-21 19:52:11.847  INFO 18892 --- [restartedMain] o.s.b.d.a.OptionalLiveReloadServer       : LiveReload server is running on port 35729
2021-08-21 19:52:11.894  INFO 18892 --- [restartedMain] o.s.j.e.a.AnnotationMBeanExporter        : Registering beans for JMX exposure on startup
2021-08-21 19:52:11.915  INFO 18892 --- [restartedMain] o.s.c.support.DefaultLifecycleProcessor  : Starting beans in phase 0
2021-08-21 19:52:11.927  INFO 18892 --- [restartedMain] o.a.k.clients.consumer.ConsumerConfig    : ConsumerConfig values: 
	metric.reporters = []
	metadata.max.age.ms = 300000
	partition.assignment.strategy = [org.apache.kafka.clients.consumer.RangeAssignor]
	reconnect.backoff.ms = 50
	sasl.kerberos.ticket.renew.window.factor = 0.8
	max.partition.fetch.bytes = 1048576
	bootstrap.servers = [127.0.0.1:9092]
	ssl.keystore.type = JKS
	enable.auto.commit = true
	sasl.mechanism = GSSAPI
	interceptor.classes = null
	exclude.internal.topics = true
	ssl.truststore.password = null
	client.id = 
	ssl.endpoint.identification.algorithm = null
	max.poll.records = 2147483647
	check.crcs = true
	request.timeout.ms = 40000
	heartbeat.interval.ms = 3000
	auto.commit.interval.ms = 5000
	receive.buffer.bytes = 65536
	ssl.truststore.type = JKS
	ssl.truststore.location = null
	ssl.keystore.password = null
	fetch.min.bytes = 1
	send.buffer.bytes = 131072
	value.deserializer = class org.apache.kafka.common.serialization.StringDeserializer
	group.id = passbook
	retry.backoff.ms = 100
	sasl.kerberos.kinit.cmd = /usr/bin/kinit
	sasl.kerberos.service.name = null
	sasl.kerberos.ticket.renew.jitter = 0.05
	ssl.trustmanager.algorithm = PKIX
	ssl.key.password = null
	fetch.max.wait.ms = 500
	sasl.kerberos.min.time.before.relogin = 60000
	connections.max.idle.ms = 540000
	session.timeout.ms = 30000
	metrics.num.samples = 2
	key.deserializer = class org.apache.kafka.common.serialization.StringDeserializer
	ssl.protocol = TLS
	ssl.provider = null
	ssl.enabled.protocols = [TLSv1.2, TLSv1.1, TLSv1]
	ssl.keystore.location = null
	ssl.cipher.suites = null
	security.protocol = PLAINTEXT
	ssl.keymanager.algorithm = SunX509
	metrics.sample.window.ms = 30000
	auto.offset.reset = latest

2021-08-21 19:52:11.959  INFO 18892 --- [restartedMain] o.a.k.clients.consumer.ConsumerConfig    : ConsumerConfig values: 
	metric.reporters = []
	metadata.max.age.ms = 300000
	partition.assignment.strategy = [org.apache.kafka.clients.consumer.RangeAssignor]
	reconnect.backoff.ms = 50
	sasl.kerberos.ticket.renew.window.factor = 0.8
	max.partition.fetch.bytes = 1048576
	bootstrap.servers = [127.0.0.1:9092]
	ssl.keystore.type = JKS
	enable.auto.commit = true
	sasl.mechanism = GSSAPI
	interceptor.classes = null
	exclude.internal.topics = true
	ssl.truststore.password = null
	client.id = consumer-1
	ssl.endpoint.identification.algorithm = null
	max.poll.records = 2147483647
	check.crcs = true
	request.timeout.ms = 40000
	heartbeat.interval.ms = 3000
	auto.commit.interval.ms = 5000
	receive.buffer.bytes = 65536
	ssl.truststore.type = JKS
	ssl.truststore.location = null
	ssl.keystore.password = null
	fetch.min.bytes = 1
	send.buffer.bytes = 131072
	value.deserializer = class org.apache.kafka.common.serialization.StringDeserializer
	group.id = passbook
	retry.backoff.ms = 100
	sasl.kerberos.kinit.cmd = /usr/bin/kinit
	sasl.kerberos.service.name = null
	sasl.kerberos.ticket.renew.jitter = 0.05
	ssl.trustmanager.algorithm = PKIX
	ssl.key.password = null
	fetch.max.wait.ms = 500
	sasl.kerberos.min.time.before.relogin = 60000
	connections.max.idle.ms = 540000
	session.timeout.ms = 30000
	metrics.num.samples = 2
	key.deserializer = class org.apache.kafka.common.serialization.StringDeserializer
	ssl.protocol = TLS
	ssl.provider = null
	ssl.enabled.protocols = [TLSv1.2, TLSv1.1, TLSv1]
	ssl.keystore.location = null
	ssl.cipher.suites = null
	security.protocol = PLAINTEXT
	ssl.keymanager.algorithm = SunX509
	metrics.sample.window.ms = 30000
	auto.offset.reset = latest

2021-08-21 19:52:11.969  INFO 18892 --- [restartedMain] o.a.kafka.common.utils.AppInfoParser     : Kafka version : 0.10.0.1
2021-08-21 19:52:11.969  INFO 18892 --- [restartedMain] o.a.kafka.common.utils.AppInfoParser     : Kafka commitId : a7a17cdec9eaa6c5
2021-08-21 19:52:11.972  INFO 18892 --- [restartedMain] o.a.k.clients.consumer.ConsumerConfig    : ConsumerConfig values: 
	metric.reporters = []
	metadata.max.age.ms = 300000
	partition.assignment.strategy = [org.apache.kafka.clients.consumer.RangeAssignor]
	reconnect.backoff.ms = 50
	sasl.kerberos.ticket.renew.window.factor = 0.8
	max.partition.fetch.bytes = 1048576
	bootstrap.servers = [127.0.0.1:9092]
	ssl.keystore.type = JKS
	enable.auto.commit = true
	sasl.mechanism = GSSAPI
	interceptor.classes = null
	exclude.internal.topics = true
	ssl.truststore.password = null
	client.id = 
	ssl.endpoint.identification.algorithm = null
	max.poll.records = 2147483647
	check.crcs = true
	request.timeout.ms = 40000
	heartbeat.interval.ms = 3000
	auto.commit.interval.ms = 5000
	receive.buffer.bytes = 65536
	ssl.truststore.type = JKS
	ssl.truststore.location = null
	ssl.keystore.password = null
	fetch.min.bytes = 1
	send.buffer.bytes = 131072
	value.deserializer = class org.apache.kafka.common.serialization.StringDeserializer
	group.id = passbook
	retry.backoff.ms = 100
	sasl.kerberos.kinit.cmd = /usr/bin/kinit
	sasl.kerberos.service.name = null
	sasl.kerberos.ticket.renew.jitter = 0.05
	ssl.trustmanager.algorithm = PKIX
	ssl.key.password = null
	fetch.max.wait.ms = 500
	sasl.kerberos.min.time.before.relogin = 60000
	connections.max.idle.ms = 540000
	session.timeout.ms = 30000
	metrics.num.samples = 2
	key.deserializer = class org.apache.kafka.common.serialization.StringDeserializer
	ssl.protocol = TLS
	ssl.provider = null
	ssl.enabled.protocols = [TLSv1.2, TLSv1.1, TLSv1]
	ssl.keystore.location = null
	ssl.cipher.suites = null
	security.protocol = PLAINTEXT
	ssl.keymanager.algorithm = SunX509
	metrics.sample.window.ms = 30000
	auto.offset.reset = latest

2021-08-21 19:52:11.974  INFO 18892 --- [restartedMain] o.a.k.clients.consumer.ConsumerConfig    : ConsumerConfig values: 
	metric.reporters = []
	metadata.max.age.ms = 300000
	partition.assignment.strategy = [org.apache.kafka.clients.consumer.RangeAssignor]
	reconnect.backoff.ms = 50
	sasl.kerberos.ticket.renew.window.factor = 0.8
	max.partition.fetch.bytes = 1048576
	bootstrap.servers = [127.0.0.1:9092]
	ssl.keystore.type = JKS
	enable.auto.commit = true
	sasl.mechanism = GSSAPI
	interceptor.classes = null
	exclude.internal.topics = true
	ssl.truststore.password = null
	client.id = consumer-2
	ssl.endpoint.identification.algorithm = null
	max.poll.records = 2147483647
	check.crcs = true
	request.timeout.ms = 40000
	heartbeat.interval.ms = 3000
	auto.commit.interval.ms = 5000
	receive.buffer.bytes = 65536
	ssl.truststore.type = JKS
	ssl.truststore.location = null
	ssl.keystore.password = null
	fetch.min.bytes = 1
	send.buffer.bytes = 131072
	value.deserializer = class org.apache.kafka.common.serialization.StringDeserializer
	group.id = passbook
	retry.backoff.ms = 100
	sasl.kerberos.kinit.cmd = /usr/bin/kinit
	sasl.kerberos.service.name = null
	sasl.kerberos.ticket.renew.jitter = 0.05
	ssl.trustmanager.algorithm = PKIX
	ssl.key.password = null
	fetch.max.wait.ms = 500
	sasl.kerberos.min.time.before.relogin = 60000
	connections.max.idle.ms = 540000
	session.timeout.ms = 30000
	metrics.num.samples = 2
	key.deserializer = class org.apache.kafka.common.serialization.StringDeserializer
	ssl.protocol = TLS
	ssl.provider = null
	ssl.enabled.protocols = [TLSv1.2, TLSv1.1, TLSv1]
	ssl.keystore.location = null
	ssl.cipher.suites = null
	security.protocol = PLAINTEXT
	ssl.keymanager.algorithm = SunX509
	metrics.sample.window.ms = 30000
	auto.offset.reset = latest

2021-08-21 19:52:11.975  INFO 18892 --- [restartedMain] o.a.kafka.common.utils.AppInfoParser     : Kafka version : 0.10.0.1
2021-08-21 19:52:11.975  INFO 18892 --- [restartedMain] o.a.kafka.common.utils.AppInfoParser     : Kafka commitId : a7a17cdec9eaa6c5
2021-08-21 19:52:11.976  INFO 18892 --- [restartedMain] o.a.k.clients.consumer.ConsumerConfig    : ConsumerConfig values: 
	metric.reporters = []
	metadata.max.age.ms = 300000
	partition.assignment.strategy = [org.apache.kafka.clients.consumer.RangeAssignor]
	reconnect.backoff.ms = 50
	sasl.kerberos.ticket.renew.window.factor = 0.8
	max.partition.fetch.bytes = 1048576
	bootstrap.servers = [127.0.0.1:9092]
	ssl.keystore.type = JKS
	enable.auto.commit = true
	sasl.mechanism = GSSAPI
	interceptor.classes = null
	exclude.internal.topics = true
	ssl.truststore.password = null
	client.id = 
	ssl.endpoint.identification.algorithm = null
	max.poll.records = 2147483647
	check.crcs = true
	request.timeout.ms = 40000
	heartbeat.interval.ms = 3000
	auto.commit.interval.ms = 5000
	receive.buffer.bytes = 65536
	ssl.truststore.type = JKS
	ssl.truststore.location = null
	ssl.keystore.password = null
	fetch.min.bytes = 1
	send.buffer.bytes = 131072
	value.deserializer = class org.apache.kafka.common.serialization.StringDeserializer
	group.id = passbook
	retry.backoff.ms = 100
	sasl.kerberos.kinit.cmd = /usr/bin/kinit
	sasl.kerberos.service.name = null
	sasl.kerberos.ticket.renew.jitter = 0.05
	ssl.trustmanager.algorithm = PKIX
	ssl.key.password = null
	fetch.max.wait.ms = 500
	sasl.kerberos.min.time.before.relogin = 60000
	connections.max.idle.ms = 540000
	session.timeout.ms = 30000
	metrics.num.samples = 2
	key.deserializer = class org.apache.kafka.common.serialization.StringDeserializer
	ssl.protocol = TLS
	ssl.provider = null
	ssl.enabled.protocols = [TLSv1.2, TLSv1.1, TLSv1]
	ssl.keystore.location = null
	ssl.cipher.suites = null
	security.protocol = PLAINTEXT
	ssl.keymanager.algorithm = SunX509
	metrics.sample.window.ms = 30000
	auto.offset.reset = latest

2021-08-21 19:52:11.978  INFO 18892 --- [restartedMain] o.a.k.clients.consumer.ConsumerConfig    : ConsumerConfig values: 
	metric.reporters = []
	metadata.max.age.ms = 300000
	partition.assignment.strategy = [org.apache.kafka.clients.consumer.RangeAssignor]
	reconnect.backoff.ms = 50
	sasl.kerberos.ticket.renew.window.factor = 0.8
	max.partition.fetch.bytes = 1048576
	bootstrap.servers = [127.0.0.1:9092]
	ssl.keystore.type = JKS
	enable.auto.commit = true
	sasl.mechanism = GSSAPI
	interceptor.classes = null
	exclude.internal.topics = true
	ssl.truststore.password = null
	client.id = consumer-3
	ssl.endpoint.identification.algorithm = null
	max.poll.records = 2147483647
	check.crcs = true
	request.timeout.ms = 40000
	heartbeat.interval.ms = 3000
	auto.commit.interval.ms = 5000
	receive.buffer.bytes = 65536
	ssl.truststore.type = JKS
	ssl.truststore.location = null
	ssl.keystore.password = null
	fetch.min.bytes = 1
	send.buffer.bytes = 131072
	value.deserializer = class org.apache.kafka.common.serialization.StringDeserializer
	group.id = passbook
	retry.backoff.ms = 100
	sasl.kerberos.kinit.cmd = /usr/bin/kinit
	sasl.kerberos.service.name = null
	sasl.kerberos.ticket.renew.jitter = 0.05
	ssl.trustmanager.algorithm = PKIX
	ssl.key.password = null
	fetch.max.wait.ms = 500
	sasl.kerberos.min.time.before.relogin = 60000
	connections.max.idle.ms = 540000
	session.timeout.ms = 30000
	metrics.num.samples = 2
	key.deserializer = class org.apache.kafka.common.serialization.StringDeserializer
	ssl.protocol = TLS
	ssl.provider = null
	ssl.enabled.protocols = [TLSv1.2, TLSv1.1, TLSv1]
	ssl.keystore.location = null
	ssl.cipher.suites = null
	security.protocol = PLAINTEXT
	ssl.keymanager.algorithm = SunX509
	metrics.sample.window.ms = 30000
	auto.offset.reset = latest

2021-08-21 19:52:11.980  INFO 18892 --- [restartedMain] o.a.kafka.common.utils.AppInfoParser     : Kafka version : 0.10.0.1
2021-08-21 19:52:11.980  INFO 18892 --- [restartedMain] o.a.kafka.common.utils.AppInfoParser     : Kafka commitId : a7a17cdec9eaa6c5
2021-08-21 19:52:11.980  INFO 18892 --- [restartedMain] o.a.k.clients.consumer.ConsumerConfig    : ConsumerConfig values: 
	metric.reporters = []
	metadata.max.age.ms = 300000
	partition.assignment.strategy = [org.apache.kafka.clients.consumer.RangeAssignor]
	reconnect.backoff.ms = 50
	sasl.kerberos.ticket.renew.window.factor = 0.8
	max.partition.fetch.bytes = 1048576
	bootstrap.servers = [127.0.0.1:9092]
	ssl.keystore.type = JKS
	enable.auto.commit = true
	sasl.mechanism = GSSAPI
	interceptor.classes = null
	exclude.internal.topics = true
	ssl.truststore.password = null
	client.id = 
	ssl.endpoint.identification.algorithm = null
	max.poll.records = 2147483647
	check.crcs = true
	request.timeout.ms = 40000
	heartbeat.interval.ms = 3000
	auto.commit.interval.ms = 5000
	receive.buffer.bytes = 65536
	ssl.truststore.type = JKS
	ssl.truststore.location = null
	ssl.keystore.password = null
	fetch.min.bytes = 1
	send.buffer.bytes = 131072
	value.deserializer = class org.apache.kafka.common.serialization.StringDeserializer
	group.id = passbook
	retry.backoff.ms = 100
	sasl.kerberos.kinit.cmd = /usr/bin/kinit
	sasl.kerberos.service.name = null
	sasl.kerberos.ticket.renew.jitter = 0.05
	ssl.trustmanager.algorithm = PKIX
	ssl.key.password = null
	fetch.max.wait.ms = 500
	sasl.kerberos.min.time.before.relogin = 60000
	connections.max.idle.ms = 540000
	session.timeout.ms = 30000
	metrics.num.samples = 2
	key.deserializer = class org.apache.kafka.common.serialization.StringDeserializer
	ssl.protocol = TLS
	ssl.provider = null
	ssl.enabled.protocols = [TLSv1.2, TLSv1.1, TLSv1]
	ssl.keystore.location = null
	ssl.cipher.suites = null
	security.protocol = PLAINTEXT
	ssl.keymanager.algorithm = SunX509
	metrics.sample.window.ms = 30000
	auto.offset.reset = latest

2021-08-21 19:52:11.982  INFO 18892 --- [restartedMain] o.a.k.clients.consumer.ConsumerConfig    : ConsumerConfig values: 
	metric.reporters = []
	metadata.max.age.ms = 300000
	partition.assignment.strategy = [org.apache.kafka.clients.consumer.RangeAssignor]
	reconnect.backoff.ms = 50
	sasl.kerberos.ticket.renew.window.factor = 0.8
	max.partition.fetch.bytes = 1048576
	bootstrap.servers = [127.0.0.1:9092]
	ssl.keystore.type = JKS
	enable.auto.commit = true
	sasl.mechanism = GSSAPI
	interceptor.classes = null
	exclude.internal.topics = true
	ssl.truststore.password = null
	client.id = consumer-4
	ssl.endpoint.identification.algorithm = null
	max.poll.records = 2147483647
	check.crcs = true
	request.timeout.ms = 40000
	heartbeat.interval.ms = 3000
	auto.commit.interval.ms = 5000
	receive.buffer.bytes = 65536
	ssl.truststore.type = JKS
	ssl.truststore.location = null
	ssl.keystore.password = null
	fetch.min.bytes = 1
	send.buffer.bytes = 131072
	value.deserializer = class org.apache.kafka.common.serialization.StringDeserializer
	group.id = passbook
	retry.backoff.ms = 100
	sasl.kerberos.kinit.cmd = /usr/bin/kinit
	sasl.kerberos.service.name = null
	sasl.kerberos.ticket.renew.jitter = 0.05
	ssl.trustmanager.algorithm = PKIX
	ssl.key.password = null
	fetch.max.wait.ms = 500
	sasl.kerberos.min.time.before.relogin = 60000
	connections.max.idle.ms = 540000
	session.timeout.ms = 30000
	metrics.num.samples = 2
	key.deserializer = class org.apache.kafka.common.serialization.StringDeserializer
	ssl.protocol = TLS
	ssl.provider = null
	ssl.enabled.protocols = [TLSv1.2, TLSv1.1, TLSv1]
	ssl.keystore.location = null
	ssl.cipher.suites = null
	security.protocol = PLAINTEXT
	ssl.keymanager.algorithm = SunX509
	metrics.sample.window.ms = 30000
	auto.offset.reset = latest

2021-08-21 19:52:11.984  INFO 18892 --- [restartedMain] o.a.kafka.common.utils.AppInfoParser     : Kafka version : 0.10.0.1
2021-08-21 19:52:11.984  INFO 18892 --- [restartedMain] o.a.kafka.common.utils.AppInfoParser     : Kafka commitId : a7a17cdec9eaa6c5
2021-08-21 19:52:12.036  INFO 18892 --- [restartedMain] s.b.c.e.t.TomcatEmbeddedServletContainer : Tomcat started on port(s): 9528 (http)
2021-08-21 19:52:12.041  INFO 18892 --- [restartedMain] com.imooc.passbook.PassbookApplication   : Started PassbookApplication in 5.431 seconds (JVM running for 7.535)
